
15 Mar 2017 15:15:08 [{u'message': u'Could not authenticate you.', u'code': 32}]
15 Mar 2017 15:17:10 Tweeted: testtweet 2
15 Mar 2017 16:11:53 Tweeted: Some work better for it.
15 Mar 2017 16:12:30 Tweeted: Yisssssssss https://t.co/QGtLix4e0P I found some of you.
15 Mar 2017 16:13:09 Tweeted: After we'll know what this release schedule is.
15 Mar 2017 16:18:01 Tweeted: Just put things together? or go in a similar vein.
15 Mar 2017 16:18:24 Tweeted: The first entrant in my pocket but is getting back up, and it's already one of those days.
15 Mar 2017 16:23:17 Tweeted: This is so realisti- wait a minute…. Your crappy small scripts are the new Duik so much.
15 Mar 2017 16:29:53 Tweeted: Excited to see all your work is shown off here alone.
15 Mar 2017 16:31:42 Tweeted: Get ALL the ideas out on this too?
15 Mar 2017 16:34:00 Tweeted: I know think I'm much younger than they expected from my 2009 Tokyo trip.
15 Mar 2017 16:35:48 Tweeted: Excuse me while I still use Duik for all of the above, but never all at once.
15 Mar 2017 17:37:49 Tweeted: We're doing it like them.
15 Mar 2017 17:38:18 Tweeted: Not a plumber or electrician, a lot of crap that’s not stock.
15 Mar 2017 17:46:28 Tweeted: I've got to where they are now?
15 Mar 2017 17:47:30 Tweeted: I saw that it was great to see everyone's work.
15 Mar 2017 17:50:48 Tweeted: I have a new mograph reel.
15 Mar 2017 17:56:08 Tweeted: Just to be addressed that they no know how it works remains to be true but you're probably right.
15 Mar 2017 18:10:13 Tweeted: Man I love these explainers too, but thinking about it One mochat. you’ve got better stuff later.
15 Mar 2017 18:55:00 Tweeted: You should join us in-house!
15 Mar 2017 21:27:35 Tweeted: Take an audio tech class so you know what can and can't wait to see you back on the page. every association.
16 Mar 2017 02:01:08 Tweeted: I feel like all signs point to a conference/convention and meet up with it.
16 Mar 2017 02:49:04 Tweeted: At the end of the first one!
16 Mar 2017 13:32:41 Tweeted: RT “You have to help others improve?
16 Mar 2017 13:38:22 Tweeted: I do Sometimes it's the hard parts that make us stronger but It feels like a great time!
16 Mar 2017 18:17:52 Tweeted: I'm looking to go out and live another year.
16 Mar 2017 21:08:05 Tweeted: I know more complex stuff.
16 Mar 2017 21:16:31 Tweeted: Cut and retime to make sizes smaller, some keep all the recent hate for daily renders?
16 Mar 2017 23:10:02 Tweeted: It all looks like this thought beat me to it Good enough might mean the best case scenario.
17 Mar 2017 01:56:26 Tweeted: Add a black cat and spooky skeletons! yes gotta go so over the cuts and screen position for our eyes.
17 Mar 2017 02:15:04 Tweeted: @robocadieux GTFFO I’d love to run anything.
17 Mar 2017 03:39:37 Tweeted: Shove in all the time.
17 Mar 2017 13:13:51 Tweeted: 😉 Who wants to see some awesome new freelance stuff!
17 Mar 2017 17:53:49 Tweeted: Wasn't fun anymore I’ve done projects where 1 makes assets and another animates It’s important to keep videos open even after close.
17 Mar 2017 18:27:33 Tweeted: It all looks like nobody's here. might as well as Creativity Inc.
17 Mar 2017 20:47:57 Tweeted: It's helpful, and It's always good to laugh at yourself once in a different gif.
17 Mar 2017 21:32:15 Tweeted: I'm in horrible need for a long lazy weekend?
18 Mar 2017 14:39:24 Tweeted: But at what you think people would be a giveaway of AE plugins from https://t.co/A95iKJ9qhZ!
18 Mar 2017 15:09:42 Tweeted: But do we have an eyepatch!
18 Mar 2017 15:15:38 Tweeted: How long did you get to steal other people's work.